Determining if the function trunc exists failed with the following output:
Change Dir: /home/arjan/Desktop/ros_noetic_base_2204/catkin_ws/build/CMakeFiles/CMakeTmp

Run Build Command(s):/usr/bin/gmake -f Makefile cmTC_7d73a/fast && /usr/bin/gmake  -f CMakeFiles/cmTC_7d73a.dir/build.make CMakeFiles/cmTC_7d73a.dir/build
gmake[1]: Entering directory '/home/arjan/Desktop/ros_noetic_base_2204/catkin_ws/build/CMakeFiles/CMakeTmp'
Building C object CMakeFiles/cmTC_7d73a.dir/CheckFunctionExists.c.o
/usr/bin/cc   -DCHECK_FUNCTION_EXISTS=trunc -o CMakeFiles/cmTC_7d73a.dir/CheckFunctionExists.c.o -c /usr/share/cmake-3.22/Modules/CheckFunctionExists.c
<command-line>: warning: conflicting types for built-in function ‘trunc’; expected ‘double(double)’ [-Wbuiltin-declaration-mismatch]
/usr/share/cmake-3.22/Modules/CheckFunctionExists.c:7:3: note: in expansion of macro ‘CHECK_FUNCTION_EXISTS’
    7 |   CHECK_FUNCTION_EXISTS(void);
      |   ^~~~~~~~~~~~~~~~~~~~~
/usr/share/cmake-3.22/Modules/CheckFunctionExists.c:1:1: note: ‘trunc’ is declared in header ‘<math.h>’
  +++ |+#include <math.h>
    1 | #ifdef CHECK_FUNCTION_EXISTS
Linking C executable cmTC_7d73a
/usr/bin/cmake -E cmake_link_script CMakeFiles/cmTC_7d73a.dir/link.txt --verbose=1
/usr/bin/cc  -DCHECK_FUNCTION_EXISTS=trunc -rdynamic CMakeFiles/cmTC_7d73a.dir/CheckFunctionExists.c.o -o cmTC_7d73a 
/usr/bin/ld: CMakeFiles/cmTC_7d73a.dir/CheckFunctionExists.c.o: in function `main':
CheckFunctionExists.c:(.text+0x14): undefined reference to `trunc'
collect2: error: ld returned 1 exit status
gmake[1]: *** [CMakeFiles/cmTC_7d73a.dir/build.make:99: cmTC_7d73a] Error 1
gmake[1]: Leaving directory '/home/arjan/Desktop/ros_noetic_base_2204/catkin_ws/build/CMakeFiles/CMakeTmp'
gmake: *** [Makefile:127: cmTC_7d73a/fast] Error 2



Determining if the include file FL/Fl.H exists failed with the following output:
Change Dir: /home/arjan/Desktop/ros_noetic_base_2204/catkin_ws/build/CMakeFiles/CMakeTmp

Run Build Command(s):/usr/bin/gmake -f Makefile cmTC_1c6d2/fast && /usr/bin/gmake  -f CMakeFiles/cmTC_1c6d2.dir/build.make CMakeFiles/cmTC_1c6d2.dir/build
gmake[1]: Entering directory '/home/arjan/Desktop/ros_noetic_base_2204/catkin_ws/build/CMakeFiles/CMakeTmp'
Building CXX object CMakeFiles/cmTC_1c6d2.dir/CheckIncludeFile.cxx.o
/usr/bin/c++    -o CMakeFiles/cmTC_1c6d2.dir/CheckIncludeFile.cxx.o -c /home/arjan/Desktop/ros_noetic_base_2204/catkin_ws/build/CMakeFiles/CMakeTmp/CheckIncludeFile.cxx
/home/arjan/Desktop/ros_noetic_base_2204/catkin_ws/build/CMakeFiles/CMakeTmp/CheckIncludeFile.cxx:1:10: fatal error: FL/Fl.H: No such file or directory
    1 | #include <FL/Fl.H>
      |          ^~~~~~~~~
compilation terminated.
gmake[1]: *** [CMakeFiles/cmTC_1c6d2.dir/build.make:78: CMakeFiles/cmTC_1c6d2.dir/CheckIncludeFile.cxx.o] Error 1
gmake[1]: Leaving directory '/home/arjan/Desktop/ros_noetic_base_2204/catkin_ws/build/CMakeFiles/CMakeTmp'
gmake: *** [Makefile:127: cmTC_1c6d2/fast] Error 2



Determining if the include file pgm.h exists failed with the following output:
Change Dir: /home/arjan/Desktop/ros_noetic_base_2204/catkin_ws/build/CMakeFiles/CMakeTmp

Run Build Command(s):/usr/bin/gmake -f Makefile cmTC_5cf59/fast && /usr/bin/gmake  -f CMakeFiles/cmTC_5cf59.dir/build.make CMakeFiles/cmTC_5cf59.dir/build
gmake[1]: Entering directory '/home/arjan/Desktop/ros_noetic_base_2204/catkin_ws/build/CMakeFiles/CMakeTmp'
Building CXX object CMakeFiles/cmTC_5cf59.dir/CheckIncludeFile.cxx.o
/usr/bin/c++    -o CMakeFiles/cmTC_5cf59.dir/CheckIncludeFile.cxx.o -c /home/arjan/Desktop/ros_noetic_base_2204/catkin_ws/build/CMakeFiles/CMakeTmp/CheckIncludeFile.cxx
/home/arjan/Desktop/ros_noetic_base_2204/catkin_ws/build/CMakeFiles/CMakeTmp/CheckIncludeFile.cxx:1:10: fatal error: pgm.h: No such file or directory
    1 | #include <pgm.h>
      |          ^~~~~~~
compilation terminated.
gmake[1]: *** [CMakeFiles/cmTC_5cf59.dir/build.make:78: CMakeFiles/cmTC_5cf59.dir/CheckIncludeFile.cxx.o] Error 1
gmake[1]: Leaving directory '/home/arjan/Desktop/ros_noetic_base_2204/catkin_ws/build/CMakeFiles/CMakeTmp'
gmake: *** [Makefile:127: cmTC_5cf59/fast] Error 2



